<?xml version="1.0" encoding="UTF-8"?>
<!-- Generated by org.testng.reporters.JUnitXMLReporter -->
<testsuite ignored="0" hostname="harshs-MacBook-Pro.local" failures="0" tests="3" name="Surefire test" time="14.942" errors="0" timestamp="07 Dec 2021 04:14:27 GMT">
  <testcase classname="io.cucumber.testng.AbstractTestNGCucumberTests" name="@AfterClass tearDownClass" time="1.866">
    <failure type="java.lang.NoSuchMethodError" message="&amp;apos;org.apache.pdfbox.pdmodel.graphics.image.PDImageXObject org.apache.pdfbox.pdmodel.graphics.image.PDImageXObject.createFromByteArray(org.apache.pdfbox.pdmodel.PDDocument, byte[], java.lang.String)&amp;apos;">
      <![CDATA[java.lang.NoSuchMethodError: 'org.apache.pdfbox.pdmodel.graphics.image.PDImageXObject org.apache.pdfbox.pdmodel.graphics.image.PDImageXObject.createFromByteArray(org.apache.pdfbox.pdmodel.PDDocument, byte[], java.lang.String)'
at tech.grasshopper.pdf.image.ImageCreator.generateChartImageXObject(ImageCreator.java:25)
at tech.grasshopper.pdf.section.dashboard.DashboardDonutDisplay.createDonutChart(DashboardDonutDisplay.java:58)
at tech.grasshopper.pdf.section.dashboard.DashboardDonutDisplay.display(DashboardDonutDisplay.java:32)
at tech.grasshopper.pdf.section.dashboard.Dashboard.createSection(Dashboard.java:43)
at tech.grasshopper.pdf.PDFCucumberReport.createReport(PDFCucumberReport.java:90)
at tech.grasshopper.pdf.extent.ExtentPDFCucumberReporter.flush(ExtentPDFCucumberReporter.java:81)
at tech.grasshopper.pdf.extent.ExtentPDFCucumberReporter.access$100(ExtentPDFCucumberReporter.java:19)
at tech.grasshopper.pdf.extent.ExtentPDFCucumberReporter$1.onNext(ExtentPDFCucumberReporter.java:56)
at tech.grasshopper.pdf.extent.ExtentPDFCucumberReporter$1.onNext(ExtentPDFCucumberReporter.java:49)
at io.reactivex.rxjava3.subjects.PublishSubject$PublishDisposable.onNext(PublishSubject.java:310)
at io.reactivex.rxjava3.subjects.PublishSubject.onNext(PublishSubject.java:226)
at com.aventstack.extentreports.ReactiveSubject.onFlush(ReactiveSubject.java:83)
at com.aventstack.extentreports.AbstractProcessor.onFlush(AbstractProcessor.java:85)
at com.aventstack.extentreports.ExtentReports.flush(ExtentReports.java:284)
at com.aventstack.extentreports.cucumber.adapter.ExtentCucumberAdapter.finishReport(ExtentCucumberAdapter.java:300)
at com.aventstack.extentreports.cucumber.adapter.ExtentCucumberAdapter.access$600(ExtentCucumberAdapter.java:62)
at com.aventstack.extentreports.cucumber.adapter.ExtentCucumberAdapter$8.receive(ExtentCucumberAdapter.java:136)
at com.aventstack.extentreports.cucumber.adapter.ExtentCucumberAdapter$8.receive(ExtentCucumberAdapter.java:133)
at io.cucumber.core.eventbus.AbstractEventPublisher.send(AbstractEventPublisher.java:51)
at io.cucumber.core.eventbus.AbstractEventBus.send(AbstractEventBus.java:12)
at io.cucumber.core.runtime.CucumberExecutionContext.emitTestRunFinished(CucumberExecutionContext.java:93)
at io.cucumber.core.runtime.CucumberExecutionContext.finishTestRun(CucumberExecutionContext.java:74)
at io.cucumber.testng.TestNGCucumberRunner.finish(TestNGCucumberRunner.java:126)
at io.cucumber.testng.AbstractTestNGCucumberTests.tearDownClass(AbstractTestNGCucumberTests.java:53)
at java.base/java.util.concurrent.ThreadPoolExecutor.runWorker(ThreadPoolExecutor.java:1130)
at java.base/java.util.concurrent.ThreadPoolExecutor$Worker.run(ThreadPoolExecutor.java:630)
at java.base/java.lang.Thread.run(Thread.java:832)
... Removed 11 stack frames]]>
    </failure>
  </testcase> <!-- @AfterClass tearDownClass -->
  <testcase classname="io.cucumber.testng.AbstractTestNGCucumberTests" name="runScenario" time="9.755"/>
  <testcase classname="io.cucumber.testng.AbstractTestNGCucumberTests" name="runScenario" time="9.988"/>
  <testcase classname="io.cucumber.testng.AbstractTestNGCucumberTests" name="runScenario" time="12.543"/>
</testsuite> <!-- Surefire test -->
